# JRE version: Java(TM) SE Runtime Environment (8.0_221-b11) (build 1.8.0_221-b11)
# Java VM: Java HotSpot(TM) 64-Bit Server VM (25.221-b11 mixed mode windows-amd64 compressed oops)
Heap:
 PSYoungGen      total 9728K, used 8720K [0x00000000f5e00000, 0x00000000f6880000, 0x0000000100000000)
  eden space 8704K, 88% used [0x00000000f5e00000,0x00000000f65883f8,0x00000000f6680000)
  from space 1024K, 98% used [0x00000000f6680000,0x00000000f677bf58,0x00000000f6780000)
  to   space 1024K, 0% used [0x00000000f6780000,0x00000000f6780000,0x00000000f6880000)
 ParOldGen       total 22016K, used 5841K [0x00000000e1a00000, 0x00000000e2f80000, 0x00000000f5e00000)
  object space 22016K, 26% used [0x00000000e1a00000,0x00000000e1fb4470,0x00000000e2f80000)
 Metaspace       used 9815K, capacity 9919K, committed 10240K, reserved 1058816K
  class space    used 924K, capacity 948K, committed 1024K, reserved 1048576K
GC Heap History (6 events):
Event: 4.461 GC heap before
{Heap before GC invocations=1 (full 0):
 PSYoungGen      total 9728K, used 8704K [0x00000000f5e00000, 0x00000000f6880000, 0x0000000100000000)
  eden space 8704K, 100% used [0x00000000f5e00000,0x00000000f6680000,0x00000000f6680000)
  from space 1024K, 0% used [0x00000000f6780000,0x00000000f6780000,0x00000000f6880000)
  to   space 1024K, 0% used [0x00000000f6680000,0x00000000f6680000,0x00000000f6780000)
 ParOldGen       total 22016K, used 0K [0x00000000e1a00000, 0x00000000e2f80000, 0x00000000f5e00000)
  object space 22016K, 0% used [0x00000000e1a00000,0x00000000e1a00000,0x00000000e2f80000)
 Metaspace       used 5213K, capacity 5408K, committed 5504K, reserved 1056768K
  class space    used 560K, capacity 592K, committed 640K, reserved 1048576K
Event: 4.472 GC heap after
Heap after GC invocations=1 (full 0):
 PSYoungGen      total 9728K, used 992K [0x00000000f5e00000, 0x00000000f6880000, 0x0000000100000000)
  eden space 8704K, 0% used [0x00000000f5e00000,0x00000000f5e00000,0x00000000f6680000)
  from space 1024K, 96% used [0x00000000f6680000,0x00000000f6778020,0x00000000f6780000)
  to   space 1024K, 0% used [0x00000000f6780000,0x00000000f6780000,0x00000000f6880000)
 ParOldGen       total 22016K, used 723K [0x00000000e1a00000, 0x00000000e2f80000, 0x00000000f5e00000)
  object space 22016K, 3% used [0x00000000e1a00000,0x00000000e1ab4ed8,0x00000000e2f80000)
 Metaspace       used 5213K, capacity 5408K, committed 5504K, reserved 1056768K
  class space    used 560K, capacity 592K, committed 640K, reserved 1048576K
}
Event: 5.630 GC heap before
{Heap before GC invocations=2 (full 0):
 PSYoungGen      total 9728K, used 9696K [0x00000000f5e00000, 0x00000000f6880000, 0x0000000100000000)
  eden space 8704K, 100% used [0x00000000f5e00000,0x00000000f6680000,0x00000000f6680000)
  from space 1024K, 96% used [0x00000000f6680000,0x00000000f6778020,0x00000000f6780000)
  to   space 1024K, 0% used [0x00000000f6780000,0x00000000f6780000,0x00000000f6880000)
 ParOldGen       total 22016K, used 723K [0x00000000e1a00000, 0x00000000e2f80000, 0x00000000f5e00000)
  object space 22016K, 3% used [0x00000000e1a00000,0x00000000e1ab4ed8,0x00000000e2f80000)
 Metaspace       used 7537K, capacity 7667K, committed 7936K, reserved 1056768K
  class space    used 719K, capacity 752K, committed 768K, reserved 1048576K
Event: 5.640 GC heap after
Heap after GC invocations=2 (full 0):
 PSYoungGen      total 9728K, used 998K [0x00000000f5e00000, 0x00000000f6880000, 0x0000000100000000)
  eden space 8704K, 0% used [0x00000000f5e00000,0x00000000f5e00000,0x00000000f6680000)
  from space 1024K, 97% used [0x00000000f6780000,0x00000000f68798b0,0x00000000f6880000)
  to   space 1024K, 0% used [0x00000000f6680000,0x00000000f6680000,0x00000000f6780000)
 ParOldGen       total 22016K, used 2258K [0x00000000e1a00000, 0x00000000e2f80000, 0x00000000f5e00000)
  object space 22016K, 10% used [0x00000000e1a00000,0x00000000e1c34850,0x00000000e2f80000)
 Metaspace       used 7537K, capacity 7667K, committed 7936K, reserved 1056768K
  class space    used 719K, capacity 752K, committed 768K, reserved 1048576K
}
Event: 6.080 GC heap before
{Heap before GC invocations=3 (full 0):
 PSYoungGen      total 9728K, used 9702K [0x00000000f5e00000, 0x00000000f6880000, 0x0000000100000000)
  eden space 8704K, 100% used [0x00000000f5e00000,0x00000000f6680000,0x00000000f6680000)
  from space 1024K, 97% used [0x00000000f6780000,0x00000000f68798b0,0x00000000f6880000)
  to   space 1024K, 0% used [0x00000000f6680000,0x00000000f6680000,0x00000000f6780000)
 ParOldGen       total 22016K, used 2258K [0x00000000e1a00000, 0x00000000e2f80000, 0x00000000f5e00000)
  object space 22016K, 10% used [0x00000000e1a00000,0x00000000e1c34850,0x00000000e2f80000)
 Metaspace       used 8685K, capacity 8799K, committed 9088K, reserved 1056768K
  class space    used 844K, capacity 852K, committed 896K, reserved 1048576K
Event: 6.088 GC heap after
Heap after GC invocations=3 (full 0):
 PSYoungGen      total 9728K, used 1007K [0x00000000f5e00000, 0x00000000f6880000, 0x0000000100000000)
  eden space 8704K, 0% used [0x00000000f5e00000,0x00000000f5e00000,0x00000000f6680000)
  from space 1024K, 98% used [0x00000000f6680000,0x00000000f677bf58,0x00000000f6780000)
  to   space 1024K, 0% used [0x00000000f6780000,0x00000000f6780000,0x00000000f6880000)
 ParOldGen       total 22016K, used 5841K [0x00000000e1a00000, 0x00000000e2f80000, 0x00000000f5e00000)
  object space 22016K, 26% used [0x00000000e1a00000,0x00000000e1fb4470,0x00000000e2f80000)
 Metaspace       used 8685K, capacity 8799K, committed 9088K, reserved 1056768K
  class space    used 844K, capacity 852K, committed 896K, reserved 1048576K
}

