# JRE version: Java(TM) SE Runtime Environment (8.0_221-b11) (build 1.8.0_221-b11)
# Java VM: Java HotSpot(TM) 64-Bit Server VM (25.221-b11 mixed mode windows-amd64 compressed oops)
Heap:
 PSYoungGen      total 18432K, used 3146K [0x00000000f5e00000, 0x00000000f7100000, 0x0000000100000000)
  eden space 17408K, 12% used [0x00000000f5e00000,0x00000000f60172f8,0x00000000f6f00000)
  from space 1024K, 98% used [0x00000000f7000000,0x00000000f70fb890,0x00000000f7100000)
  to   space 1024K, 0% used [0x00000000f6f00000,0x00000000f6f00000,0x00000000f7000000)
 ParOldGen       total 22016K, used 7148K [0x00000000e1a00000, 0x00000000e2f80000, 0x00000000f5e00000)
  object space 22016K, 32% used [0x00000000e1a00000,0x00000000e20fb288,0x00000000e2f80000)
 Metaspace       used 9641K, capacity 9855K, committed 9984K, reserved 1058816K
  class space    used 904K, capacity 948K, committed 1024K, reserved 1048576K
GC Heap History (8 events):
Event: 2.458 GC heap before
{Heap before GC invocations=1 (full 0):
 PSYoungGen      total 9728K, used 8704K [0x00000000f5e00000, 0x00000000f6880000, 0x0000000100000000)
  eden space 8704K, 100% used [0x00000000f5e00000,0x00000000f6680000,0x00000000f6680000)
  from space 1024K, 0% used [0x00000000f6780000,0x00000000f6780000,0x00000000f6880000)
  to   space 1024K, 0% used [0x00000000f6680000,0x00000000f6680000,0x00000000f6780000)
 ParOldGen       total 22016K, used 0K [0x00000000e1a00000, 0x00000000e2f80000, 0x00000000f5e00000)
  object space 22016K, 0% used [0x00000000e1a00000,0x00000000e1a00000,0x00000000e2f80000)
 Metaspace       used 5045K, capacity 5536K, committed 5760K, reserved 1056768K
  class space    used 540K, capacity 592K, committed 640K, reserved 1048576K
Event: 2.465 GC heap after
Heap after GC invocations=1 (full 0):
 PSYoungGen      total 9728K, used 1004K [0x00000000f5e00000, 0x00000000f6880000, 0x0000000100000000)
  eden space 8704K, 0% used [0x00000000f5e00000,0x00000000f5e00000,0x00000000f6680000)
  from space 1024K, 98% used [0x00000000f6680000,0x00000000f677b328,0x00000000f6780000)
  to   space 1024K, 0% used [0x00000000f6780000,0x00000000f6780000,0x00000000f6880000)
 ParOldGen       total 22016K, used 517K [0x00000000e1a00000, 0x00000000e2f80000, 0x00000000f5e00000)
  object space 22016K, 2% used [0x00000000e1a00000,0x00000000e1a81710,0x00000000e2f80000)
 Metaspace       used 5045K, capacity 5536K, committed 5760K, reserved 1056768K
  class space    used 540K, capacity 592K, committed 640K, reserved 1048576K
}
Event: 3.772 GC heap before
{Heap before GC invocations=2 (full 0):
 PSYoungGen      total 9728K, used 9424K [0x00000000f5e00000, 0x00000000f6880000, 0x0000000100000000)
  eden space 8704K, 96% used [0x00000000f5e00000,0x00000000f6638ff8,0x00000000f6680000)
  from space 1024K, 98% used [0x00000000f6680000,0x00000000f677b328,0x00000000f6780000)
  to   space 1024K, 0% used [0x00000000f6780000,0x00000000f6780000,0x00000000f6880000)
 ParOldGen       total 22016K, used 517K [0x00000000e1a00000, 0x00000000e2f80000, 0x00000000f5e00000)
  object space 22016K, 2% used [0x00000000e1a00000,0x00000000e1a81710,0x00000000e2f80000)
 Metaspace       used 7182K, capacity 7315K, committed 7424K, reserved 1056768K
  class space    used 679K, capacity 720K, committed 768K, reserved 1048576K
Event: 3.780 GC heap after
Heap after GC invocations=2 (full 0):
 PSYoungGen      total 9728K, used 1006K [0x00000000f5e00000, 0x00000000f6880000, 0x0000000100000000)
  eden space 8704K, 0% used [0x00000000f5e00000,0x00000000f5e00000,0x00000000f6680000)
  from space 1024K, 98% used [0x00000000f6780000,0x00000000f687b8b0,0x00000000f6880000)
  to   space 1024K, 0% used [0x00000000f6680000,0x00000000f6680000,0x00000000f6780000)
 ParOldGen       total 22016K, used 1868K [0x00000000e1a00000, 0x00000000e2f80000, 0x00000000f5e00000)
  object space 22016K, 8% used [0x00000000e1a00000,0x00000000e1bd33e8,0x00000000e2f80000)
 Metaspace       used 7182K, capacity 7315K, committed 7424K, reserved 1056768K
  class space    used 679K, capacity 720K, committed 768K, reserved 1048576K
}
Event: 4.216 GC heap before
{Heap before GC invocations=3 (full 0):
 PSYoungGen      total 9728K, used 9710K [0x00000000f5e00000, 0x00000000f6880000, 0x0000000100000000)
  eden space 8704K, 100% used [0x00000000f5e00000,0x00000000f6680000,0x00000000f6680000)
  from space 1024K, 98% used [0x00000000f6780000,0x00000000f687b8b0,0x00000000f6880000)
  to   space 1024K, 0% used [0x00000000f6680000,0x00000000f6680000,0x00000000f6780000)
 ParOldGen       total 22016K, used 1868K [0x00000000e1a00000, 0x00000000e2f80000, 0x00000000f5e00000)
  object space 22016K, 8% used [0x00000000e1a00000,0x00000000e1bd33e8,0x00000000e2f80000)
 Metaspace       used 8464K, capacity 8607K, committed 8832K, reserved 1056768K
  class space    used 824K, capacity 852K, committed 896K, reserved 1048576K
Event: 4.233 GC heap after
Heap after GC invocations=3 (full 0):
 PSYoungGen      total 9728K, used 1019K [0x00000000f5e00000, 0x00000000f7100000, 0x0000000100000000)
  eden space 8704K, 0% used [0x00000000f5e00000,0x00000000f5e00000,0x00000000f6680000)
  from space 1024K, 99% used [0x00000000f6680000,0x00000000f677ec60,0x00000000f6780000)
  to   space 1024K, 0% used [0x00000000f7000000,0x00000000f7000000,0x00000000f7100000)
 ParOldGen       total 22016K, used 5408K [0x00000000e1a00000, 0x00000000e2f80000, 0x00000000f5e00000)
  object space 22016K, 24% used [0x00000000e1a00000,0x00000000e1f48108,0x00000000e2f80000)
 Metaspace       used 8464K, capacity 8607K, committed 8832K, reserved 1056768K
  class space    used 824K, capacity 852K, committed 896K, reserved 1048576K
}
Event: 29.467 GC heap before
{Heap before GC invocations=4 (full 0):
 PSYoungGen      total 9728K, used 9723K [0x00000000f5e00000, 0x00000000f7100000, 0x0000000100000000)
  eden space 8704K, 100% used [0x00000000f5e00000,0x00000000f6680000,0x00000000f6680000)
  from space 1024K, 99% used [0x00000000f6680000,0x00000000f677ec60,0x00000000f6780000)
  to   space 1024K, 0% used [0x00000000f7000000,0x00000000f7000000,0x00000000f7100000)
 ParOldGen       total 22016K, used 5408K [0x00000000e1a00000, 0x00000000e2f80000, 0x00000000f5e00000)
  object space 22016K, 24% used [0x00000000e1a00000,0x00000000e1f48108,0x00000000e2f80000)
 Metaspace       used 9632K, capacity 9791K, committed 9984K, reserved 1058816K
  class space    used 903K, capacity 948K, committed 1024K, reserved 1048576K
Event: 29.477 GC heap after
Heap after GC invocations=4 (full 0):
 PSYoungGen      total 18432K, used 1006K [0x00000000f5e00000, 0x00000000f7100000, 0x0000000100000000)
  eden space 17408K, 0% used [0x00000000f5e00000,0x00000000f5e00000,0x00000000f6f00000)
  from space 1024K, 98% used [0x00000000f7000000,0x00000000f70fb890,0x00000000f7100000)
  to   space 1024K, 0% used [0x00000000f6f00000,0x00000000f6f00000,0x00000000f7000000)
 ParOldGen       total 22016K, used 7148K [0x00000000e1a00000, 0x00000000e2f80000, 0x00000000f5e00000)
  object space 22016K, 32% used [0x00000000e1a00000,0x00000000e20fb288,0x00000000e2f80000)
 Metaspace       used 9632K, capacity 9791K, committed 9984K, reserved 1058816K
  class space    used 903K, capacity 948K, committed 1024K, reserved 1048576K
}

